<?xml version="1.0" encoding="UTF-8"?>
<!-- Generated by org.testng.reporters.JUnitXMLReporter -->
<testsuite hostname="DESKTOP-E69K95O" name="checkout module" tests="5" failures="1" timestamp="11 Feb 2021 01:36:25 GMT" time="26.859" errors="0">
  <testcase name="bmainTestOne" time="0.004" classname="scripts.sampleTest"/>
  <testcase name="cmainTest" time="0.001" classname="scripts.sampleTest"/>
  <testcase name="mainTest" time="4.318" classname="scripts.yahooSignUp"/>
  <testcase name="validateElement" time="0.111" classname="scripts.yahooSignupElement"/>
  <testcase name="validateForm" time="4.327" classname="scripts.yahooSignupElement">
    <failure type="junit.framework.ComparisonFailure" message="expected:&amp;lt;...n.yahoo.com/account/[]&amp;gt; but was:&amp;lt;...n.yahoo.com/account/[create]&amp;gt;">
      <![CDATA[junit.framework.ComparisonFailure: expected:<...n.yahoo.com/account/[]> but was:<...n.yahoo.com/account/[create]>
	at junit.framework.Assert.assertEquals(Assert.java:100)
	at junit.framework.Assert.assertEquals(Assert.java:107)
	at scripts.yahooSignupElement.validateForm(yahooSignupElement.java:83)
... Removed 24 stack frames]]>
    </failure>
  </testcase> <!-- validateForm -->
</testsuite> <!-- checkout module -->
