<?xml version="1.0" encoding="UTF-8"?>
<testng-results skipped="0" failed="0" total="2" passed="2">
  <reporter-output>
  </reporter-output>
  <suite name="Default suite" duration-ms="16630" started-at="2021-02-04T01:45:25Z" finished-at="2021-02-04T01:45:41Z">
    <groups>
    </groups>
    <test name="Default test" duration-ms="16630" started-at="2021-02-04T01:45:25Z" finished-at="2021-02-04T01:45:41Z">
      <class name="scripts.yahooTest">
        <test-method status="PASS" signature="setupTest()[pri:0, instance:scripts.yahooTest@2a32de6c]" name="setupTest" is-config="true" duration-ms="8624" started-at="2021-02-03T20:45:25Z" finished-at="2021-02-03T20:45:33Z">
          <reporter-output>
          </reporter-output>
        </test-method> <!-- setupTest -->
        <test-method status="PASS" signature="beforeEachTest()[pri:0, instance:scripts.yahooTest@2a32de6c]" name="beforeEachTest" is-config="true" duration-ms="1652" started-at="2021-02-03T20:45:33Z" finished-at="2021-02-03T20:45:35Z">
          <reporter-output>
          </reporter-output>
        </test-method> <!-- beforeEachTest -->
        <test-method status="PASS" signature="validateElement()[pri:0, instance:scripts.yahooTest@2a32de6c]" name="validateElement" duration-ms="199" started-at="2021-02-03T20:45:35Z" finished-at="2021-02-03T20:45:35Z">
          <reporter-output>
          </reporter-output>
        </test-method> <!-- validateElement -->
        <test-method status="PASS" signature="beforeEachTest()[pri:0, instance:scripts.yahooTest@2a32de6c]" name="beforeEachTest" is-config="true" duration-ms="237" started-at="2021-02-03T20:45:35Z" finished-at="2021-02-03T20:45:35Z">
          <reporter-output>
          </reporter-output>
        </test-method> <!-- beforeEachTest -->
        <test-method status="PASS" signature="validateForm()[pri:1, instance:scripts.yahooTest@2a32de6c]" name="validateForm" duration-ms="4877" started-at="2021-02-03T20:45:35Z" finished-at="2021-02-03T20:45:40Z">
          <reporter-output>
          </reporter-output>
        </test-method> <!-- validateForm -->
        <test-method status="PASS" signature="endtest()[pri:0, instance:scripts.yahooTest@2a32de6c]" name="endtest" is-config="true" duration-ms="951" started-at="2021-02-03T20:45:40Z" finished-at="2021-02-03T20:45:41Z">
          <reporter-output>
          </reporter-output>
        </test-method> <!-- endtest -->
      </class> <!-- scripts.yahooTest -->
    </test> <!-- Default test -->
  </suite> <!-- Default suite -->
</testng-results>
